<?xml version="1.0" encoding="UTF-8"?>
<!-- Generated by org.testng.reporters.JUnitXMLReporter -->
<testsuite hostname="ROSELCXX0001D5Y" name="US215060_Payroll_Processing_Schedule_Projection_Templates_Holidays.feature" tests="1" failures="0" timestamp="29 Jan 2016 15:54:56 GMT" time="6.583" errors="0">
  <testcase name="runCukes" time="1.73" classname="com.adp.autopay.automation.cucumberRunner.RunCukesByCompositionTest"/>
</testsuite> <!-- US215060_Payroll_Processing_Schedule_Projection_Templates_Holidays.feature -->
