<?xml version="1.0" encoding="UTF-8"?>
<!-- Generated by org.testng.reporters.JUnitXMLReporter -->
<testsuite hostname="ROSELCXX0001D5Y" name="US378794_Payroll_Processing_Schedule_Projection_Templates.feature" tests="1" failures="0" timestamp="29 Jan 2016 15:54:49 GMT" time="9.122" errors="0">
  <testcase name="runCukes" time="1.815" classname="com.adp.autopay.automation.cucumberRunner.RunCukesByCompositionTest"/>
</testsuite> <!-- US378794_Payroll_Processing_Schedule_Projection_Templates.feature -->
